Build started 7/16/2017 6:40:18 PM.
     1>Project "E:\Flappy_Bird\Flappy_Bird\Flappy_Bird.vcxproj" on node 2 (Build target(s)).
     1>ClCompile:
         C:\Program Files (x86)\Microsoft Visual Studio 12.0\VC\bin\CL.exe /c /I"E:\SFML-2.4.1-windows-vc12-32-bit\SFML-2.4.1\include" /I"E:\btlon\SFML-2.4.1-windows-vc12-32-bit\SFML-2.4.1\include" /ZI /nologo /W3 /WX- /sdl /Od /Oy- /D _MBCS /Gm /EHsc /RTC1 /MDd /GS /fp:precise /Zc:wchar_t /Zc:forScope /Fo"Debug\\" /Fd"Debug\vc120.pdb" /Gd /TP /analyze- /errorReport:prompt Bird.cpp Main.cpp OngKhoi.cpp Picture.cpp
         Picture.cpp
     1>e:\flappy_bird\flappy_bird\picture.cpp(48): warning C4244: 'argument' : conversion from 'int' to 'float', possible loss of data
     1>e:\flappy_bird\flappy_bird\picture.cpp(49): warning C4244: 'argument' : conversion from 'int' to 'float', possible loss of data
     1>e:\flappy_bird\flappy_bird\picture.cpp(50): warning C4244: 'argument' : conversion from 'double' to 'float', possible loss of data
     1>e:\flappy_bird\flappy_bird\picture.cpp(51): warning C4244: 'argument' : conversion from 'int' to 'float', possible loss of data
         OngKhoi.cpp
         Main.cpp
     1>e:\flappy_bird\flappy_bird\main.cpp(124): warning C4018: '<=' : signed/unsigned mismatch
     1>e:\flappy_bird\flappy_bird\main.cpp(125): warning C4018: '<=' : signed/unsigned mismatch
     1>e:\flappy_bird\flappy_bird\main.cpp(152): warning C4018: '<=' : signed/unsigned mismatch
     1>e:\flappy_bird\flappy_bird\main.cpp(161): warning C4018: '<' : signed/unsigned mismatch
     1>e:\flappy_bird\flappy_bird\main.cpp(246): warning C4244: 'argument' : conversion from 'time_t' to 'unsigned int', possible loss of data
         Bird.cpp
         Generating Code...
       Link:
         C:\Program Files (x86)\Microsoft Visual Studio 12.0\VC\bin\link.exe /ERRORREPORT:PROMPT /OUT:"E:\Flappy_Bird\Debug\Flappy_Bird.exe" /INCREMENTAL /NOLOGO /LIBPATH:"E:\SFML-2.4.1-windows-vc12-32-bit\SFML-2.4.1\lib" /LIBPATH:"E:\btlon\SFML-2.4.1-windows-vc12-32-bit\SFML-2.4.1\lib" "sfml-audio-d.lib" "sfml-graphics-d.lib" "sfml-network-d.lib" "sfml-system-d.lib" "sfml-window-d.lib" kernel32.lib user32.lib gdi32.lib winspool.lib comdlg32.lib advapi32.lib shell32.lib ole32.lib oleaut32.lib uuid.lib odbc32.lib odbccp32.lib /MANIFEST /MANIFESTUAC:"level='asInvoker' uiAccess='false'" /manifest:embed /DEBUG /PDB:"E:\Flappy_Bird\Debug\Flappy_Bird.pdb" /TLBID:1 /DYNAMICBASE /NXCOMPAT /IMPLIB:"E:\Flappy_Bird\Debug\Flappy_Bird.lib" /MACHINE:X86 Debug\Bird.obj
         Debug\Main.obj
         Debug\OngKhoi.obj
         Debug\Picture.obj
         Flappy_Bird.vcxproj -> E:\Flappy_Bird\Debug\Flappy_Bird.exe
     1>Done Building Project "E:\Flappy_Bird\Flappy_Bird\Flappy_Bird.vcxproj" (Build target(s)).

Build succeeded.

Time Elapsed 00:00:22.03
